<?xml version="1.0" encoding="UTF-8"?>
<!-- Generated by org.testng.reporters.JUnitReportReporter -->
<testsuite hostname="DESKTOP-5KK9HAS" failures="0" tests="1" name="TestLayer.LoginPageTest" time="2.621" errors="0" timestamp="2024-07-19T15:41:40 IST" skipped="0">
  <testcase classname="TestLayer.LoginPageTest" name="validateLoginFunctionality" time="2.621"/>
  <system-out/>
</testsuite> <!-- TestLayer.LoginPageTest -->
